C:\TEMP\PROJECT\MOBILE\SOURCE\PROJECTPROJECT\PROJECTPROJECT\DEBUG\CAMERA.OBJ
C:\TEMP\PROJECT\MOBILE\SOURCE\PROJECTPROJECT\PROJECTPROJECT\DEBUG\HELPERS.OBJ
C:\TEMP\PROJECT\MOBILE\SOURCE\PROJECTPROJECT\PROJECTPROJECT\DEBUG\PICTURE.OBJ
C:\TEMP\PROJECT\MOBILE\SOURCE\PROJECTPROJECT\PROJECTPROJECT\DEBUG\PROJ.OBJ
C:\TEMP\PROJECT\MOBILE\SOURCE\PROJECTPROJECT\PROJECTPROJECT\DEBUG\VC110.PDB
C:\TEMP\PROJECT\MOBILE\SOURCE\PROJECTPROJECT\PROJECTPROJECT\DEBUG\IMAGE_DXT.OBJ
C:\TEMP\PROJECT\MOBILE\SOURCE\PROJECTPROJECT\PROJECTPROJECT\DEBUG\IMAGE_HELPER.OBJ
C:\TEMP\PROJECT\MOBILE\SOURCE\PROJECTPROJECT\PROJECTPROJECT\DEBUG\SOIL.OBJ
C:\TEMP\PROJECT\MOBILE\SOURCE\PROJECTPROJECT\PROJECTPROJECT\DEBUG\STB_IMAGE_AUG.OBJ
C:\TEMP\PROJECT\MOBILE\SOURCE\PROJECTPROJECT\DEBUG\PROJECTPROJECT.ILK
C:\TEMP\PROJECT\MOBILE\SOURCE\PROJECTPROJECT\DEBUG\PROJECTPROJECT.EXE
C:\TEMP\PROJECT\MOBILE\SOURCE\PROJECTPROJECT\DEBUG\PROJECTPROJECT.PDB
C:\temp\project\mobile\source\ProjectProject\ProjectProject\Debug\camera.obj
C:\temp\project\mobile\source\ProjectProject\ProjectProject\Debug\helpers.obj
C:\temp\project\mobile\source\ProjectProject\ProjectProject\Debug\image_DXT.obj
C:\temp\project\mobile\source\ProjectProject\ProjectProject\Debug\image_helper.obj
C:\temp\project\mobile\source\ProjectProject\ProjectProject\Debug\picture.obj
C:\temp\project\mobile\source\ProjectProject\ProjectProject\Debug\proj.obj
C:\temp\project\mobile\source\ProjectProject\ProjectProject\Debug\SOIL.obj
C:\temp\project\mobile\source\ProjectProject\ProjectProject\Debug\stb_image_aug.obj
C:\temp\project\mobile\source\ProjectProject\ProjectProject\Debug\cl.command.1.tlog
C:\temp\project\mobile\source\ProjectProject\ProjectProject\Debug\CL.read.1.tlog
C:\temp\project\mobile\source\ProjectProject\ProjectProject\Debug\CL.write.1.tlog
C:\temp\project\mobile\source\ProjectProject\ProjectProject\Debug\link-cvtres.read.1.tlog
C:\temp\project\mobile\source\ProjectProject\ProjectProject\Debug\link-cvtres.write.1.tlog
C:\temp\project\mobile\source\ProjectProject\ProjectProject\Debug\link-rc.read.1.tlog
C:\temp\project\mobile\source\ProjectProject\ProjectProject\Debug\link-rc.write.1.tlog
C:\temp\project\mobile\source\ProjectProject\ProjectProject\Debug\link.7372-cvtres.read.1.tlog
C:\temp\project\mobile\source\ProjectProject\ProjectProject\Debug\link.7372-cvtres.write.1.tlog
C:\temp\project\mobile\source\ProjectProject\ProjectProject\Debug\link.7372-rc.read.1.tlog
C:\temp\project\mobile\source\ProjectProject\ProjectProject\Debug\link.7372-rc.write.1.tlog
C:\temp\project\mobile\source\ProjectProject\ProjectProject\Debug\link.7372.read.1.tlog
C:\temp\project\mobile\source\ProjectProject\ProjectProject\Debug\link.7372.write.1.tlog
C:\temp\project\mobile\source\ProjectProject\ProjectProject\Debug\link.command.1.tlog
C:\temp\project\mobile\source\ProjectProject\ProjectProject\Debug\link.read.1.tlog
C:\temp\project\mobile\source\ProjectProject\ProjectProject\Debug\link.write.1.tlog
C:\temp\project\mobile\source\ProjectProject\ProjectProject\Debug\vc110.idb
C:\temp\project\mobile\source\ProjectProject\ProjectProject\Debug\vc110.pdb
C:\temp\project\mobile\source\ProjectProject\Debug\ProjectProject.pdb
C:\temp\project\mobile\source\ProjectProject\Debug\ProjectProject.exe
C:\temp\project\mobile\source\ProjectProject\Debug\ProjectProject.ilk
